<?xml version="1.0" encoding="UTF-8"?>
<!DOCTYPE suite SYSTEM "http://testng.org/testng-1.0.dtd">

<suite name="test-rerun">

    <listeners>
        <listener class-name="com.tvokids.extentreporter.ExtentReporterNG"/>
    </listeners>
    
    <test name="test-rerun">
        <classes>
           <!-- <class name="com.tvokids.report.Log"></class> -->
           <class name="com.tvokids.send.Mail"></class>
           <!-- <class name="com.tvokids.email.All"></class> -->

<!--
COVERED BY AUTOMATED TEST: -->
<class name="com.tvokids.test.plan.Iteration2">
<methods>
<include name="testCustomBrandFieldsExist"/>
<include name="testCustomBrandTitleFieldContentLimit"/>
<include name="testCustomBrandBothAgesFrontEndLocationAndLinkAreCorrect"/>
</methods>
</class>
     
        </classes>
     </test>
  
</suite>