<?xml version="1.0" encoding="UTF-8"?>
<!DOCTYPE suite SYSTEM "http://testng.org/testng-1.0.dtd">

<suite name="test-group">

  <test verbose="1" name="test-group">
        <groups><run>       
        <include name="TC-34969"/>
        </run></groups>
        <packages><package name="com.tvokids.test.*"></package></packages>      
  </test>
  
</suite>