<?xml version="1.0" encoding="UTF-8"?>
<!DOCTYPE suite SYSTEM "http://testng.org/testng-1.0.dtd">

<suite name="test-group">

  <listeners>
    <listener class-name="com.tvokids.extentreporter.ExtentReporterNG"/>
    <listener class-name="com.tvokids.retry.RetryListener"/>
  </listeners>

  <test name="before-cleaner">

    <classes>
    <class name="com.tvokids.report.Log"></class>
    </classes>
    
  </test>
  
  <test verbose="1" name="test-group">
        <groups><run>       
        <include name="TC-36144"/>
        </run></groups>
        <packages><package name="com.tvokids.test.*"></package></packages>      
  </test>
  
</suite>