<?xml version="1.0" encoding="UTF-8"?>
<!DOCTYPE suite SYSTEM "http://testng.org/testng-1.0.dtd">

<suite name="test-number">

  <test verbose="1" name="test-number">
    <packages>
    <package name="com.tvokids.report.*"></package>
    <package name="com.tvokids.test.*"></package> 
    </packages>   
  </test>
  
</suite>