<?xml version="1.0" encoding="UTF-8"?>
<!DOCTYPE suite SYSTEM "http://testng.org/testng-1.0.dtd">

<suite name="test-single">

    <listeners>
        <listener class-name="com.tvokids.extentreporter.ExtentReporterNG"/>
    </listeners>
    
    <test name="test-single">
        <classes>
           <class name="com.tvokids.report.Log"></class>
           <!-- <class name="com.tvokids.send.Mail"></class> -->
           <!-- <class name="com.tvokids.email.All"></class> -->

<!--
COVERED BY AUTOMATED TEST: -->
<class name="com.tvokids.test.plan.Iteration3.BrandPage"><methods>
<include name="testNewSizeOfTileImageDescription"/></methods></class>
     
        </classes>
     </test>
  
</suite>