<?xml version="1.0" encoding="UTF-8"?>
<!DOCTYPE suite SYSTEM "http://testng.org/testng-1.0.dtd">

<suite name="test-regression">

  <test verbose="1" name="test-regression">
    <packages> 
     <package name="test.Report.*"></package>
     <package name="test.Cases.*"></package>
    </packages>   
  </test>
  
</suite>